level=INFO ts=2019-09-30T03:07:51.450918958Z app=device-simple source=init.go:119 msg="Check Metadata service's status ..."
level=INFO ts=2019-09-30T03:07:51.451793621Z app=device-simple source=init.go:119 msg="Check Data service's status ..."
level=INFO ts=2019-09-30T03:07:51.817005628Z app=device-simple source=init.go:36 msg="Service clients initialize successful"
level=INFO ts=2019-09-30T03:07:52.186661674Z app=device-simple source=service.go:162 msg="Device Service device-simple exists"
level=INFO ts=2019-09-30T03:07:52.229540653Z app=device-simple source=service.go:93 msg="*Service Start() called, name=device-simple, version=0.0.1"
level=INFO ts=2019-09-30T03:07:52.274015038Z app=device-simple source=service.go:99 msg="Listening on port: 49990"
level=INFO ts=2019-09-30T03:07:52.318226319Z app=device-simple source=service.go:100 msg="Service started in: 20.388150129s"
level=INFO ts=2019-09-30T06:16:40.194087844Z app=device-simple source=init.go:119 msg="Check Metadata service's status ..."
level=INFO ts=2019-09-30T06:16:40.195593829Z app=device-simple source=init.go:119 msg="Check Data service's status ..."
level=INFO ts=2019-09-30T06:16:40.536032679Z app=device-simple source=init.go:36 msg="Service clients initialize successful"
level=INFO ts=2019-09-30T06:16:40.70421752Z app=device-simple source=service.go:162 msg="Device Service device-simple exists"
level=INFO ts=2019-09-30T06:16:40.757845187Z app=device-simple source=service.go:93 msg="*Service Start() called, name=device-simple, version=0.0.1"
level=INFO ts=2019-09-30T06:16:40.813199992Z app=device-simple source=service.go:99 msg="Listening on port: 49990"
level=INFO ts=2019-09-30T06:16:40.857691456Z app=device-simple source=service.go:100 msg="Service started in: 666.996517ms"
level=INFO ts=2019-09-30T07:09:48.657971524Z app=device-simple source=init.go:119 msg="Check Data service's status ..."
level=INFO ts=2019-09-30T07:09:48.657524767Z app=device-simple source=init.go:119 msg="Check Metadata service's status ..."
level=INFO ts=2019-09-30T07:09:49.050489152Z app=device-simple source=init.go:36 msg="Service clients initialize successful"
level=INFO ts=2019-09-30T07:09:49.217461192Z app=device-simple source=service.go:162 msg="Device Service device-simple exists"
level=INFO ts=2019-09-30T07:09:49.272753619Z app=device-simple source=service.go:93 msg="*Service Start() called, name=device-simple, version=0.0.1"
level=INFO ts=2019-09-30T07:09:49.372513724Z app=device-simple source=service.go:99 msg="Listening on port: 49990"
level=INFO ts=2019-09-30T07:09:49.439422039Z app=device-simple source=service.go:100 msg="Service started in: 783.312147ms"
